[18:10:42] [main/INFO] [LaunchWrapper]: Loading tweak class name net.minecraftforge.fml.common.launcher.FMLServerTweaker
[18:10:42] [main/INFO] [LaunchWrapper]: Using primary tweak class name net.minecraftforge.fml.common.launcher.FMLServerTweaker
[18:10:42] [main/INFO] [LaunchWrapper]: Calling tweak class net.minecraftforge.fml.common.launcher.FMLServerTweaker
[18:10:42] [main/DEBUG] [FML]: Injecting tracing printstreams for STDOUT/STDERR.
[18:10:42] [main/INFO] [FML]: Forge Mod Loader version 14.23.5.2860 for Minecraft 1.12.2 loading
[18:10:42] [main/INFO] [FML]: Java is OpenJDK 64-Bit Server VM, version 1.8.0_442, running on Linux:amd64:6.12.10-arch1-1, installed at /usr/lib/jvm/java-8-openjdk/jre
[18:10:42] [main/DEBUG] [FML]: Java classpath at launch is:
[18:10:42] [main/DEBUG] [FML]:     ./forge-1.12.2-14.23.5.2860.jar
[18:10:42] [main/DEBUG] [FML]: Java library path at launch is:
[18:10:42] [main/DEBUG] [FML]:     /usr/java/packages/lib/amd64
[18:10:42] [main/DEBUG] [FML]:     /usr/lib64
[18:10:42] [main/DEBUG] [FML]:     /lib64
[18:10:42] [main/DEBUG] [FML]:     /lib
[18:10:42] [main/DEBUG] [FML]:     /usr/lib
[18:10:42] [main/DEBUG] [FML]: Determined Minecraft Libraries Root: /home/lyrix/GitHub/magicmc/server/libraries
[18:10:42] [main/DEBUG] [FML]: Cleaning up mods folder: ./mods
[18:10:42] [main/DEBUG] [FML]: Examining file: industrialcraft-2-2.8.222-ex112.jar
[18:10:42] [main/DEBUG] [FML]: Examining file: railcraft-12.1.0-beta-8.jar
[18:10:42] [main/DEBUG] [FML]: Examining file: Immersive Vehicles-1.12.2-22.17.0.jar
[18:10:42] [main/DEBUG] [FML]: Examining file: mcw-trapdoors-1.0.3-mc1.12.2.jar
[18:10:42] [main/DEBUG] [FML]: Examining file: useful_backpacks-1.12.2-1.5.4.85.jar
[18:10:42] [main/DEBUG] [FML]: Examining file: Morph-1.12.2-7.2.1.jar
[18:10:42] [main/DEBUG] [FML]: Examining file: llibrary-1.7.20-1.12.2.jar
[18:10:42] [main/DEBUG] [FML]: Found existing ContainedDep llibrary-core-1.0.11-1.12.2.jar(net.ilexiconn:llibrary-core:1.0.11-1.12.2) from /home/lyrix/GitHub/magicmc/server/mods/memory_repo/net/ilexiconn/llibrary-core/1.0.11-1.12.2/llibrary-core-1.0.11-1.12.2.jar extracted to ./mods/llibrary-1.7.20-1.12.2.jar, skipping extraction
[18:10:42] [main/DEBUG] [FML]: Examining file: llibrary-core-1.0.11-1.12.2.jar
[18:10:42] [main/DEBUG] [FML]: Making maven link for net.ilexiconn:llibrary:1.7.20-1.12.2 in memory to /home/lyrix/GitHub/magicmc/server/./mods/llibrary-1.7.20-1.12.2.jar.
[18:10:42] [main/DEBUG] [FML]: Examining file: EvilCraft-1.12.2-0.10.78.jar
[18:10:42] [main/DEBUG] [FML]: Examining file: UNU Military Pack [MTS] 1.12.2-22.17.0-6.0.1.jar
[18:10:42] [main/DEBUG] [FML]: Examining file: EnchantmentDescriptions-1.12.2-1.1.15.jar
[18:10:42] [main/DEBUG] [FML]: Examining file: OpenComputersICBMAddon-1.3.jar
[18:10:42] [main/DEBUG] [FML]: Examining file: mcw-windows-1.0.0-mc1.12.2.jar
[18:10:42] [main/DEBUG] [FML]: Examining file: BiomesOPlenty-1.12.2-7.0.1.2444-universal.jar
[18:10:42] [main/DEBUG] [FML]: Examining file: ironfurnaces-1.3.5.jar
[18:10:42] [main/DEBUG] [FML]: Examining file: wonderful-enchantments-1.12.2-0.6.0.jar
[18:10:42] [main/DEBUG] [FML]: Examining file: GoldenAerotransport 3.3.1 hot fix.jar
[18:10:42] [main/DEBUG] [FML]: Examining file: UNU Civilian Pack [MTS] 1.12.2-22.17.0-6.5.2.jar
[18:10:42] [main/DEBUG] [FML]: Examining file: mcw-furniture-1.0.1-mc1.12.2beta.jar
[18:10:42] [main/DEBUG] [FML]: Examining file: zaynens_leather_from_rotten_flesh_mod_1.12.2.jar
[18:10:42] [main/DEBUG] [FML]: Examining file: FluxNetworks-1.12.2-4.1.1.34.jar
[18:10:42] [main/DEBUG] [FML]: Examining file: CyclopsCore-1.12.2-1.6.7.jar
[18:10:42] [main/DEBUG] [FML]: Examining file: u_team_core-forge-1.12.2-2.2.5.339.jar
[18:10:42] [main/DEBUG] [FML]: Examining file: journeymap-1.12.2-5.7.1p3.jar
[18:10:42] [main/DEBUG] [FML]: Examining file: techguns-1.12.2-2.0.2.0_pre3.2.jar
[18:10:42] [main/DEBUG] [FML]: Examining file: mcw-bridges-1.0.6b-mc1.12.2.jar
[18:10:42] [main/DEBUG] [FML]: Examining file: lostcities-1.12-2.0.22.jar
[18:10:42] [main/DEBUG] [FML]: Examining file: nuclearcraft-1.12.2-2.19.jar
[18:10:42] [main/DEBUG] [FML]: Examining file: minecolonies-universal-1.12.2-0.8.4280.jar
[18:10:42] [main/DEBUG] [FML]: Examining file: [1.12.2] SecurityCraft v1.9.12.jar
[18:10:42] [main/DEBUG] [FML]: Examining file: Bookshelf-1.12.2-2.3.590.jar
[18:10:42] [main/DEBUG] [FML]: Examining file: mcw-fences-1.0.0-mc1.12.2.jar
[18:10:42] [main/DEBUG] [FML]: Examining file: iChunUtil-1.12.2-7.2.2.jar
[18:10:42] [main/DEBUG] [FML]: Examining file: mahoutsukai-1.12.2-v1.19.56.jar
[18:10:42] [main/DEBUG] [FML]: Examining file: torohealth-1.12.2-11.jar
[18:10:42] [main/DEBUG] [FML]: Examining file: buildcraft-all-7.99.24.8.jar
[18:10:42] [main/DEBUG] [FML]: Examining file: SimpleStorageNetwork-1.12.2-2.0.0.jar
[18:10:42] [main/DEBUG] [FML]: Examining file: wings-1.1.6-1.12.2.jar
[18:10:42] [main/DEBUG] [FML]: Examining file: NarcoCraftV3.0.jar
[18:10:42] [main/DEBUG] [FML]: Examining file: foamfix-0.10.15-1.12.2.jar
[18:10:42] [main/DEBUG] [FML]: Examining file: collective-1.12.2-3.0.jar
[18:10:42] [main/DEBUG] [FML]: Examining file: jei_1.12.2-4.16.1.1013.jar
[18:10:42] [main/DEBUG] [FML]: Examining file: mcw-doors-1.0.3-mc1.12.2.jar
[18:10:42] [main/DEBUG] [FML]: Examining file: slurpiesdongles-1.121.12.11.12.2-2.17.6b.jar
[18:10:42] [main/DEBUG] [FML]: Examining file: ironchest-1.12.2-7.0.72.847.jar
[18:10:42] [main/DEBUG] [FML]: Examining file: GalacticraftCore-1.12.2-4.0.2.280.jar
[18:10:42] [main/DEBUG] [FML]: Examining file: ICBM-classic-1.12.2-6.4.1.jar
[18:10:42] [main/DEBUG] [FML]: Examining file: MTS Official Pack-1.12.2-V27.jar
[18:10:42] [main/DEBUG] [FML]: Examining file: UNU Parts Pack [MTS] 1.12.2-22.17.0-6.7.0.jar
[18:10:42] [main/DEBUG] [FML]: Examining file: mcw-lights-1.0.6-mc1.12.2forge.jar
[18:10:42] [main/DEBUG] [FML]: Examining file: MicdoodleCore-1.12.2-4.0.2.280.jar
[18:10:42] [main/DEBUG] [FML]: Examining file: mcw-roofs-1.0.2-mc1.12.2.jar
[18:10:42] [main/DEBUG] [FML]: Examining file: Hwyla-1.8.26-B41_1.12.2.jar
[18:10:42] [main/DEBUG] [FML]: Examining file: Expanded UNUverse Pack [MTS] 1.12.2-22.17.0-2.1.1.jar
[18:10:42] [main/DEBUG] [FML]: Examining file: ImmersiveEngineering-0.12-98.jar
[18:10:42] [main/DEBUG] [FML]: Found existing ContainedDep META-INF/libraries/ImmersiveEngineering-0.12-98-core.jar(blusunrize:ImmersiveEngineering-core:0.12-98) from /home/lyrix/GitHub/magicmc/server/mods/memory_repo/blusunrize/ImmersiveEngineering-core/0.12-98/ImmersiveEngineering-core-0.12-98.jar extracted to ./mods/ImmersiveEngineering-0.12-98.jar, skipping extraction
[18:10:42] [main/DEBUG] [FML]: Examining file: ImmersiveEngineering-core-0.12-98.jar
[18:10:42] [main/DEBUG] [FML]: Making maven link for blusunrize:ImmersiveEngineering:0.12-98 in memory to /home/lyrix/GitHub/magicmc/server/./mods/ImmersiveEngineering-0.12-98.jar.
[18:10:42] [main/DEBUG] [FML]: Examining file: jeiintegration_1.12.2-1.6.0.jar
[18:10:42] [main/DEBUG] [FML]: Examining file: OpenComputers-MC1.12.2-1.8.7+2502094.jar
[18:10:42] [main/DEBUG] [FML]: Examining file: Galacticraft-Planets-1.12.2-4.0.2.280.jar
[18:10:42] [main/DEBUG] [FML]: File already proccessed /home/lyrix/GitHub/magicmc/server/./mods/memory_repo/net/ilexiconn/llibrary-core/1.0.11-1.12.2/llibrary-core-1.0.11-1.12.2.jar, Skipping
[18:10:42] [main/DEBUG] [FML]: File already proccessed /home/lyrix/GitHub/magicmc/server/./mods/llibrary-1.7.20-1.12.2.jar, Skipping
[18:10:42] [main/DEBUG] [FML]: File already proccessed /home/lyrix/GitHub/magicmc/server/./mods/memory_repo/blusunrize/ImmersiveEngineering-core/0.12-98/ImmersiveEngineering-core-0.12-98.jar, Skipping
[18:10:42] [main/DEBUG] [FML]: File already proccessed /home/lyrix/GitHub/magicmc/server/./mods/ImmersiveEngineering-0.12-98.jar, Skipping
[18:10:42] [main/DEBUG] [FML]: Enabling runtime deobfuscation
[18:10:42] [main/DEBUG] [FML]: Instantiating coremod class FMLCorePlugin
[18:10:42] [main/DEBUG] [FML]: Found signing certificates for coremod FMLCorePlugin (net.minecraftforge.fml.relauncher.FMLCorePlugin)
[18:10:42] [main/DEBUG] [FML]: Found certificate e3c3d50c7c986df74c645c0ac54639741c90a557
[18:10:42] [main/DEBUG] [FML]: Added access transformer class net.minecraftforge.fml.common.asm.transformers.AccessTransformer to enqueued access transformers
[18:10:42] [main/DEBUG] [FML]: Enqueued coremod FMLCorePlugin
[18:10:42] [main/DEBUG] [FML]: Instantiating coremod class FMLForgePlugin
[18:10:42] [main/DEBUG] [FML]: Found signing certificates for coremod FMLForgePlugin (net.minecraftforge.classloading.FMLForgePlugin)
[18:10:42] [main/DEBUG] [FML]: Found certificate e3c3d50c7c986df74c645c0ac54639741c90a557
[18:10:42] [main/DEBUG] [FML]: Enqueued coremod FMLForgePlugin
[18:10:42] [main/DEBUG] [FML]: All fundamental core mods are successfully located
[18:10:42] [main/DEBUG] [FML]: Discovering coremods
[18:10:42] [main/INFO] [FML]: Searching /home/lyrix/GitHub/magicmc/server/./mods for mods
[18:10:42] [main/DEBUG] [FML]:   Adding industrialcraft-2-2.8.222-ex112.jar to the mod list
[18:10:42] [main/DEBUG] [FML]:   Adding railcraft-12.1.0-beta-8.jar to the mod list
[18:10:42] [main/DEBUG] [FML]:   Adding Immersive Vehicles-1.12.2-22.17.0.jar to the mod list
[18:10:42] [main/DEBUG] [FML]:   Adding mcw-trapdoors-1.0.3-mc1.12.2.jar to the mod list
[18:10:42] [main/DEBUG] [FML]:   Adding useful_backpacks-1.12.2-1.5.4.85.jar to the mod list
[18:10:42] [main/DEBUG] [FML]:   Adding Morph-1.12.2-7.2.1.jar to the mod list
[18:10:42] [main/DEBUG] [FML]:   Adding llibrary-1.7.20-1.12.2.jar to the mod list
[18:10:42] [main/DEBUG] [FML]:   Adding EvilCraft-1.12.2-0.10.78.jar to the mod list
[18:10:42] [main/DEBUG] [FML]:   Adding UNU Military Pack [MTS] 1.12.2-22.17.0-6.0.1.jar to the mod list
[18:10:42] [main/DEBUG] [FML]:   Adding EnchantmentDescriptions-1.12.2-1.1.15.jar to the mod list
[18:10:42] [main/DEBUG] [FML]:   Adding OpenComputersICBMAddon-1.3.jar to the mod list
[18:10:42] [main/DEBUG] [FML]:   Adding mcw-windows-1.0.0-mc1.12.2.jar to the mod list
[18:10:42] [main/DEBUG] [FML]:   Adding BiomesOPlenty-1.12.2-7.0.1.2444-universal.jar to the mod list
[18:10:42] [main/DEBUG] [FML]:   Adding ironfurnaces-1.3.5.jar to the mod list
[18:10:42] [main/DEBUG] [FML]:   Adding wonderful-enchantments-1.12.2-0.6.0.jar to the mod list
[18:10:42] [main/DEBUG] [FML]:   Adding GoldenAerotransport 3.3.1 hot fix.jar to the mod list
[18:10:42] [main/DEBUG] [FML]:   Adding UNU Civilian Pack [MTS] 1.12.2-22.17.0-6.5.2.jar to the mod list
[18:10:42] [main/DEBUG] [FML]:   Adding mcw-furniture-1.0.1-mc1.12.2beta.jar to the mod list
[18:10:42] [main/DEBUG] [FML]:   Adding zaynens_leather_from_rotten_flesh_mod_1.12.2.jar to the mod list
[18:10:42] [main/DEBUG] [FML]:   Adding FluxNetworks-1.12.2-4.1.1.34.jar to the mod list
[18:10:42] [main/DEBUG] [FML]:   Adding CyclopsCore-1.12.2-1.6.7.jar to the mod list
[18:10:42] [main/DEBUG] [FML]:   Adding u_team_core-forge-1.12.2-2.2.5.339.jar to the mod list
[18:10:42] [main/DEBUG] [FML]:   Adding journeymap-1.12.2-5.7.1p3.jar to the mod list
[18:10:42] [main/DEBUG] [FML]:   Adding techguns-1.12.2-2.0.2.0_pre3.2.jar to the mod list
[18:10:42] [main/DEBUG] [FML]:   Adding mcw-bridges-1.0.6b-mc1.12.2.jar to the mod list
[18:10:42] [main/DEBUG] [FML]:   Adding lostcities-1.12-2.0.22.jar to the mod list
[18:10:42] [main/DEBUG] [FML]:   Adding nuclearcraft-1.12.2-2.19.jar to the mod list
[18:10:42] [main/DEBUG] [FML]:   Adding minecolonies-universal-1.12.2-0.8.4280.jar to the mod list
[18:10:42] [main/DEBUG] [FML]:   Adding [1.12.2] SecurityCraft v1.9.12.jar to the mod list
[18:10:42] [main/DEBUG] [FML]:   Adding Bookshelf-1.12.2-2.3.590.jar to the mod list
[18:10:42] [main/DEBUG] [FML]:   Adding mcw-fences-1.0.0-mc1.12.2.jar to the mod list
[18:10:42] [main/DEBUG] [FML]:   Adding iChunUtil-1.12.2-7.2.2.jar to the mod list
[18:10:42] [main/DEBUG] [FML]:   Adding mahoutsukai-1.12.2-v1.19.56.jar to the mod list
[18:10:42] [main/DEBUG] [FML]:   Adding torohealth-1.12.2-11.jar to the mod list
[18:10:42] [main/DEBUG] [FML]:   Adding buildcraft-all-7.99.24.8.jar to the mod list
[18:10:42] [main/DEBUG] [FML]:   Adding SimpleStorageNetwork-1.12.2-2.0.0.jar to the mod list
[18:10:42] [main/DEBUG] [FML]:   Adding wings-1.1.6-1.12.2.jar to the mod list
[18:10:42] [main/DEBUG] [FML]:   Adding NarcoCraftV3.0.jar to the mod list
[18:10:42] [main/DEBUG] [FML]:   Adding foamfix-0.10.15-1.12.2.jar to the mod list
[18:10:42] [main/DEBUG] [FML]:   Adding collective-1.12.2-3.0.jar to the mod list
[18:10:42] [main/DEBUG] [FML]:   Adding jei_1.12.2-4.16.1.1013.jar to the mod list
[18:10:42] [main/DEBUG] [FML]:   Adding mcw-doors-1.0.3-mc1.12.2.jar to the mod list
[18:10:42] [main/DEBUG] [FML]:   Adding slurpiesdongles-1.121.12.11.12.2-2.17.6b.jar to the mod list
[18:10:42] [main/DEBUG] [FML]:   Adding ironchest-1.12.2-7.0.72.847.jar to the mod list
[18:10:42] [main/DEBUG] [FML]:   Adding GalacticraftCore-1.12.2-4.0.2.280.jar to the mod list
[18:10:42] [main/DEBUG] [FML]:   Adding ICBM-classic-1.12.2-6.4.1.jar to the mod list
[18:10:42] [main/DEBUG] [FML]:   Adding MTS Official Pack-1.12.2-V27.jar to the mod list
[18:10:42] [main/DEBUG] [FML]:   Adding UNU Parts Pack [MTS] 1.12.2-22.17.0-6.7.0.jar to the mod list
[18:10:42] [main/DEBUG] [FML]:   Adding mcw-lights-1.0.6-mc1.12.2forge.jar to the mod list
[18:10:42] [main/DEBUG] [FML]:   Adding MicdoodleCore-1.12.2-4.0.2.280.jar to the mod list
[18:10:42] [main/DEBUG] [FML]:   Adding mcw-roofs-1.0.2-mc1.12.2.jar to the mod list
[18:10:42] [main/DEBUG] [FML]:   Adding Hwyla-1.8.26-B41_1.12.2.jar to the mod list
[18:10:42] [main/DEBUG] [FML]:   Adding Expanded UNUverse Pack [MTS] 1.12.2-22.17.0-2.1.1.jar to the mod list
[18:10:42] [main/DEBUG] [FML]:   Adding ImmersiveEngineering-0.12-98.jar to the mod list
[18:10:42] [main/DEBUG] [FML]:   Adding jeiintegration_1.12.2-1.6.0.jar to the mod list
[18:10:42] [main/DEBUG] [FML]:   Adding OpenComputers-MC1.12.2-1.8.7+2502094.jar to the mod list
[18:10:42] [main/DEBUG] [FML]:   Adding Galacticraft-Planets-1.12.2-4.0.2.280.jar to the mod list
[18:10:42] [main/DEBUG] [FML]: Examining for coremod candidacy [1.12.2] SecurityCraft v1.9.12.jar
[18:10:42] [main/INFO] [FML]: Loading tweaker org.spongepowered.asm.launch.MixinTweaker from [1.12.2] SecurityCraft v1.9.12.jar
[18:10:42] [main/DEBUG] [FML]: Examining for coremod candidacy BiomesOPlenty-1.12.2-7.0.1.2444-universal.jar
[18:10:42] [main/DEBUG] [FML]: Not found coremod data in BiomesOPlenty-1.12.2-7.0.1.2444-universal.jar
[18:10:42] [main/DEBUG] [FML]: Examining for coremod candidacy Bookshelf-1.12.2-2.3.590.jar
[18:10:42] [main/DEBUG] [FML]: Not found coremod data in Bookshelf-1.12.2-2.3.590.jar
[18:10:42] [main/DEBUG] [FML]: Examining for coremod candidacy buildcraft-all-7.99.24.8.jar
[18:10:42] [main/DEBUG] [FML]: Not found coremod data in buildcraft-all-7.99.24.8.jar
[18:10:42] [main/DEBUG] [FML]: Examining for coremod candidacy collective-1.12.2-3.0.jar
[18:10:42] [main/DEBUG] [FML]: Not found coremod data in collective-1.12.2-3.0.jar
[18:10:42] [main/DEBUG] [FML]: Examining for coremod candidacy CyclopsCore-1.12.2-1.6.7.jar
[18:10:42] [main/DEBUG] [FML]: Not found coremod data in CyclopsCore-1.12.2-1.6.7.jar
[18:10:42] [main/DEBUG] [FML]: Examining for coremod candidacy EnchantmentDescriptions-1.12.2-1.1.15.jar
[18:10:42] [main/DEBUG] [FML]: Not found coremod data in EnchantmentDescriptions-1.12.2-1.1.15.jar
[18:10:42] [main/DEBUG] [FML]: Examining for coremod candidacy EvilCraft-1.12.2-0.10.78.jar
[18:10:42] [main/DEBUG] [FML]: Not found coremod data in EvilCraft-1.12.2-0.10.78.jar
[18:10:42] [main/DEBUG] [FML]: Examining for coremod candidacy Expanded UNUverse Pack [MTS] 1.12.2-22.17.0-2.1.1.jar
[18:10:42] [main/DEBUG] [FML]: Not found coremod data in Expanded UNUverse Pack [MTS] 1.12.2-22.17.0-2.1.1.jar
[18:10:42] [main/DEBUG] [FML]: Examining for coremod candidacy FluxNetworks-1.12.2-4.1.1.34.jar
[18:10:42] [main/DEBUG] [FML]: Not found coremod data in FluxNetworks-1.12.2-4.1.1.34.jar
[18:10:42] [main/DEBUG] [FML]: Examining for coremod candidacy foamfix-0.10.15-1.12.2.jar
[18:10:42] [main/WARN] [FML]: Found FMLCorePluginContainsFMLMod marker in foamfix-0.10.15-1.12.2.jar. This is not recommended, @Mods should be in a separate jar from the coremod.
[18:10:42] [main/DEBUG] [FML]: Instantiating coremod class FoamFixCore
[18:10:42] [main/TRACE] [FML]: coremod named Do not report to Forge! (If you haven't disabled the FoamFix coremod, try disabling it in the config! Note that this bit of text will still appear.) is loading
[18:10:42] [main/WARN] [FML]: The coremod pl.asie.foamfix.coremod.FoamFixCore does not have a MCVersion annotation, it may cause issues with this version of Minecraft
[18:10:42] [main/WARN] [FML]: The coremod Do not report to Forge! (If you haven't disabled the FoamFix coremod, try disabling it in the config! Note that this bit of text will still appear.) (pl.asie.foamfix.coremod.FoamFixCore) is not signed!
[18:10:42] [main/DEBUG] [FML]: Added access transformer class pl.asie.foamfix.coremod.FoamFixAT to enqueued access transformers
[18:10:42] [main/DEBUG] [FML]: Enqueued coremod Do not report to Forge! (If you haven't disabled the FoamFix coremod, try disabling it in the config! Note that this bit of text will still appear.)
[18:10:42] [main/DEBUG] [FML]: Examining for coremod candidacy Galacticraft-Planets-1.12.2-4.0.2.280.jar
[18:10:42] [main/DEBUG] [FML]: Not found coremod data in Galacticraft-Planets-1.12.2-4.0.2.280.jar
[18:10:42] [main/DEBUG] [FML]: Examining for coremod candidacy GalacticraftCore-1.12.2-4.0.2.280.jar
[18:10:42] [main/DEBUG] [FML]: Not found coremod data in GalacticraftCore-1.12.2-4.0.2.280.jar
[18:10:42] [main/DEBUG] [FML]: Examining for coremod candidacy GoldenAerotransport 3.3.1 hot fix.jar
[18:10:42] [main/DEBUG] [FML]: Examining for coremod candidacy Hwyla-1.8.26-B41_1.12.2.jar
[18:10:42] [main/DEBUG] [FML]: Not found coremod data in Hwyla-1.8.26-B41_1.12.2.jar
[18:10:42] [main/DEBUG] [FML]: Examining for coremod candidacy ICBM-classic-1.12.2-6.4.1.jar
[18:10:42] [main/DEBUG] [FML]: Not found coremod data in ICBM-classic-1.12.2-6.4.1.jar
[18:10:42] [main/DEBUG] [FML]: Examining for coremod candidacy iChunUtil-1.12.2-7.2.2.jar
[18:10:42] [main/DEBUG] [FML]: Not found coremod data in iChunUtil-1.12.2-7.2.2.jar
[18:10:42] [main/DEBUG] [FML]: Examining for coremod candidacy Immersive Vehicles-1.12.2-22.17.0.jar
[18:10:42] [main/DEBUG] [FML]: Not found coremod data in Immersive Vehicles-1.12.2-22.17.0.jar
[18:10:42] [main/DEBUG] [FML]: Examining for coremod candidacy industrialcraft-2-2.8.222-ex112.jar
[18:10:42] [main/DEBUG] [FML]: Not found coremod data in industrialcraft-2-2.8.222-ex112.jar
[18:10:42] [main/DEBUG] [FML]: Examining for coremod candidacy ironchest-1.12.2-7.0.72.847.jar
[18:10:42] [main/DEBUG] [FML]: Not found coremod data in ironchest-1.12.2-7.0.72.847.jar
[18:10:42] [main/DEBUG] [FML]: Examining for coremod candidacy ironfurnaces-1.3.5.jar
[18:10:42] [main/DEBUG] [FML]: Not found coremod data in ironfurnaces-1.3.5.jar
[18:10:42] [main/DEBUG] [FML]: Examining for coremod candidacy jei_1.12.2-4.16.1.1013.jar
[18:10:42] [main/DEBUG] [FML]: Not found coremod data in jei_1.12.2-4.16.1.1013.jar
[18:10:42] [main/DEBUG] [FML]: Examining for coremod candidacy jeiintegration_1.12.2-1.6.0.jar
[18:10:42] [main/DEBUG] [FML]: Not found coremod data in jeiintegration_1.12.2-1.6.0.jar
[18:10:42] [main/DEBUG] [FML]: Examining for coremod candidacy journeymap-1.12.2-5.7.1p3.jar
[18:10:42] [main/DEBUG] [FML]: Not found coremod data in journeymap-1.12.2-5.7.1p3.jar
[18:10:42] [main/DEBUG] [FML]: Examining for coremod candidacy lostcities-1.12-2.0.22.jar
[18:10:42] [main/DEBUG] [FML]: Not found coremod data in lostcities-1.12-2.0.22.jar
[18:10:42] [main/DEBUG] [FML]: Examining for coremod candidacy mahoutsukai-1.12.2-v1.19.56.jar
[18:10:42] [main/DEBUG] [FML]: Not found coremod data in mahoutsukai-1.12.2-v1.19.56.jar
[18:10:42] [main/DEBUG] [FML]: Examining for coremod candidacy mcw-bridges-1.0.6b-mc1.12.2.jar
[18:10:42] [main/DEBUG] [FML]: Not found coremod data in mcw-bridges-1.0.6b-mc1.12.2.jar
[18:10:42] [main/DEBUG] [FML]: Examining for coremod candidacy mcw-doors-1.0.3-mc1.12.2.jar
[18:10:42] [main/DEBUG] [FML]: Not found coremod data in mcw-doors-1.0.3-mc1.12.2.jar
[18:10:42] [main/DEBUG] [FML]: Examining for coremod candidacy mcw-fences-1.0.0-mc1.12.2.jar
[18:10:42] [main/DEBUG] [FML]: Not found coremod data in mcw-fences-1.0.0-mc1.12.2.jar
[18:10:42] [main/DEBUG] [FML]: Examining for coremod candidacy mcw-furniture-1.0.1-mc1.12.2beta.jar
[18:10:42] [main/DEBUG] [FML]: Not found coremod data in mcw-furniture-1.0.1-mc1.12.2beta.jar
[18:10:42] [main/DEBUG] [FML]: Examining for coremod candidacy mcw-lights-1.0.6-mc1.12.2forge.jar
[18:10:42] [main/DEBUG] [FML]: Not found coremod data in mcw-lights-1.0.6-mc1.12.2forge.jar
[18:10:42] [main/DEBUG] [FML]: Examining for coremod candidacy mcw-roofs-1.0.2-mc1.12.2.jar
[18:10:42] [main/DEBUG] [FML]: Not found coremod data in mcw-roofs-1.0.2-mc1.12.2.jar
[18:10:42] [main/DEBUG] [FML]: Examining for coremod candidacy mcw-trapdoors-1.0.3-mc1.12.2.jar
[18:10:42] [main/DEBUG] [FML]: Not found coremod data in mcw-trapdoors-1.0.3-mc1.12.2.jar
[18:10:42] [main/DEBUG] [FML]: Examining for coremod candidacy mcw-windows-1.0.0-mc1.12.2.jar
[18:10:42] [main/DEBUG] [FML]: Not found coremod data in mcw-windows-1.0.0-mc1.12.2.jar
[18:10:42] [main/DEBUG] [FML]: Examining for coremod candidacy MicdoodleCore-1.12.2-4.0.2.280.jar
[18:10:42] [main/TRACE] [FML]: Adding MicdoodleCore-1.12.2-4.0.2.280.jar to the list of known coremods, it will not be examined again
[18:10:42] [main/DEBUG] [FML]: Instantiating coremod class MicdoodlePlugin
[18:10:42] [main/WARN] [FML]: The coremod micdoodle8.mods.miccore.MicdoodlePlugin does not have a MCVersion annotation, it may cause issues with this version of Minecraft
[18:10:42] [main/WARN] [FML]: The coremod MicdoodlePlugin (micdoodle8.mods.miccore.MicdoodlePlugin) is not signed!
[18:10:42] [main/DEBUG] [FML]: Added access transformer class micdoodle8.mods.miccore.MicdoodleAccessTransformer to enqueued access transformers
[18:10:42] [main/DEBUG] [FML]: Enqueued coremod MicdoodlePlugin
[18:10:42] [main/DEBUG] [FML]: Examining for coremod candidacy minecolonies-universal-1.12.2-0.8.4280.jar
[18:10:42] [main/DEBUG] [FML]: Not found coremod data in minecolonies-universal-1.12.2-0.8.4280.jar
[18:10:42] [main/DEBUG] [FML]: Examining for coremod candidacy Morph-1.12.2-7.2.1.jar
[18:10:42] [main/DEBUG] [FML]: Not found coremod data in Morph-1.12.2-7.2.1.jar
[18:10:42] [main/DEBUG] [FML]: Examining for coremod candidacy MTS Official Pack-1.12.2-V27.jar
[18:10:42] [main/DEBUG] [FML]: Not found coremod data in MTS Official Pack-1.12.2-V27.jar
[18:10:42] [main/DEBUG] [FML]: Examining for coremod candidacy NarcoCraftV3.0.jar
[18:10:42] [main/DEBUG] [FML]: Not found coremod data in NarcoCraftV3.0.jar
[18:10:42] [main/DEBUG] [FML]: Examining for coremod candidacy nuclearcraft-1.12.2-2.19.jar
[18:10:42] [main/DEBUG] [FML]: Not found coremod data in nuclearcraft-1.12.2-2.19.jar
[18:10:42] [main/DEBUG] [FML]: Examining for coremod candidacy OpenComputers-MC1.12.2-1.8.7+2502094.jar
[18:10:42] [main/WARN] [FML]: Found FMLCorePluginContainsFMLMod marker in OpenComputers-MC1.12.2-1.8.7+2502094.jar. This is not recommended, @Mods should be in a separate jar from the coremod.
[18:10:42] [main/DEBUG] [FML]: Instantiating coremod class TransformerLoader
[18:10:42] [main/WARN] [FML]: The coremod li.cil.oc.common.launch.TransformerLoader does not have a MCVersion annotation, it may cause issues with this version of Minecraft
[18:10:42] [main/WARN] [FML]: The coremod TransformerLoader (li.cil.oc.common.launch.TransformerLoader) is not signed!
[18:10:42] [main/DEBUG] [FML]: Enqueued coremod TransformerLoader
[18:10:42] [main/DEBUG] [FML]: Examining for coremod candidacy OpenComputersICBMAddon-1.3.jar
[18:10:42] [main/DEBUG] [FML]: Not found coremod data in OpenComputersICBMAddon-1.3.jar
[18:10:42] [main/DEBUG] [FML]: Examining for coremod candidacy railcraft-12.1.0-beta-8.jar
[18:10:42] [main/DEBUG] [FML]: Not found coremod data in railcraft-12.1.0-beta-8.jar
[18:10:42] [main/DEBUG] [FML]: Examining for coremod candidacy SimpleStorageNetwork-1.12.2-2.0.0.jar
[18:10:42] [main/DEBUG] [FML]: Not found coremod data in SimpleStorageNetwork-1.12.2-2.0.0.jar
[18:10:42] [main/DEBUG] [FML]: Examining for coremod candidacy slurpiesdongles-1.121.12.11.12.2-2.17.6b.jar
[18:10:42] [main/DEBUG] [FML]: Not found coremod data in slurpiesdongles-1.121.12.11.12.2-2.17.6b.jar
[18:10:42] [main/DEBUG] [FML]: Examining for coremod candidacy techguns-1.12.2-2.0.2.0_pre3.2.jar
[18:10:42] [main/WARN] [FML]: Found FMLCorePluginContainsFMLMod marker in techguns-1.12.2-2.0.2.0_pre3.2.jar. This is not recommended, @Mods should be in a separate jar from the coremod.
[18:10:42] [main/DEBUG] [FML]: Instantiating coremod class TechgunsFMLPlugin
[18:10:42] [main/TRACE] [FML]: coremod named Techguns Core is loading
[18:10:42] [main/DEBUG] [FML]: The coremod techguns.core.TechgunsFMLPlugin requested minecraft version 1.12.2 and minecraft is 1.12.2. It will be loaded.
[18:10:42] [main/WARN] [FML]: The coremod Techguns Core (techguns.core.TechgunsFMLPlugin) is not signed!
[18:10:42] [main/DEBUG] [FML]: Enqueued coremod Techguns Core
[18:10:42] [main/DEBUG] [FML]: Examining for coremod candidacy torohealth-1.12.2-11.jar
[18:10:42] [main/DEBUG] [FML]: Not found coremod data in torohealth-1.12.2-11.jar
[18:10:42] [main/DEBUG] [FML]: Examining for coremod candidacy u_team_core-forge-1.12.2-2.2.5.339.jar
[18:10:42] [main/DEBUG] [FML]: Not found coremod data in u_team_core-forge-1.12.2-2.2.5.339.jar
[18:10:42] [main/DEBUG] [FML]: Examining for coremod candidacy UNU Civilian Pack [MTS] 1.12.2-22.17.0-6.5.2.jar
[18:10:42] [main/DEBUG] [FML]: Not found coremod data in UNU Civilian Pack [MTS] 1.12.2-22.17.0-6.5.2.jar
[18:10:42] [main/DEBUG] [FML]: Examining for coremod candidacy UNU Military Pack [MTS] 1.12.2-22.17.0-6.0.1.jar
[18:10:42] [main/DEBUG] [FML]: Not found coremod data in UNU Military Pack [MTS] 1.12.2-22.17.0-6.0.1.jar
[18:10:42] [main/DEBUG] [FML]: Examining for coremod candidacy UNU Parts Pack [MTS] 1.12.2-22.17.0-6.7.0.jar
[18:10:42] [main/DEBUG] [FML]: Not found coremod data in UNU Parts Pack [MTS] 1.12.2-22.17.0-6.7.0.jar
[18:10:42] [main/DEBUG] [FML]: Examining for coremod candidacy useful_backpacks-1.12.2-1.5.4.85.jar
[18:10:42] [main/DEBUG] [FML]: Not found coremod data in useful_backpacks-1.12.2-1.5.4.85.jar
[18:10:42] [main/DEBUG] [FML]: Examining for coremod candidacy wings-1.1.6-1.12.2.jar
[18:10:42] [main/WARN] [FML]: Found FMLCorePluginContainsFMLMod marker in wings-1.1.6-1.12.2.jar. This is not recommended, @Mods should be in a separate jar from the coremod.
[18:10:42] [main/DEBUG] [FML]: Instantiating coremod class WingsLoadingPlugin
[18:10:42] [main/TRACE] [FML]: coremod named wings is loading
[18:10:42] [main/DEBUG] [FML]: The coremod me.paulf.wings.server.asm.plugin.WingsLoadingPlugin requested minecraft version 1.12.2 and minecraft is 1.12.2. It will be loaded.
[18:10:42] [main/WARN] [FML]: The coremod wings (me.paulf.wings.server.asm.plugin.WingsLoadingPlugin) is not signed!
[18:10:42] [main/DEBUG] [FML]: Enqueued coremod wings
[18:10:42] [main/DEBUG] [FML]: Examining for coremod candidacy wonderful-enchantments-1.12.2-0.6.0.jar
[18:10:42] [main/DEBUG] [FML]: Not found coremod data in wonderful-enchantments-1.12.2-0.6.0.jar
[18:10:42] [main/DEBUG] [FML]: Examining for coremod candidacy zaynens_leather_from_rotten_flesh_mod_1.12.2.jar
[18:10:42] [main/DEBUG] [FML]: Not found coremod data in zaynens_leather_from_rotten_flesh_mod_1.12.2.jar
[18:10:42] [main/DEBUG] [FML]: Examining for coremod candidacy llibrary-core-1.0.11-1.12.2.jar
[18:10:42] [main/TRACE] [FML]: Adding llibrary-core-1.0.11-1.12.2.jar to the list of known coremods, it will not be examined again
[18:10:42] [main/DEBUG] [FML]: Instantiating coremod class LLibraryPlugin
[18:10:42] [main/TRACE] [FML]: coremod named llibrary is loading
[18:10:42] [main/DEBUG] [FML]: The coremod net.ilexiconn.llibrary.server.core.plugin.LLibraryPlugin requested minecraft version 1.12.2 and minecraft is 1.12.2. It will be loaded.
[18:10:42] [main/DEBUG] [FML]: Found signing certificates for coremod llibrary (net.ilexiconn.llibrary.server.core.plugin.LLibraryPlugin)
[18:10:42] [main/DEBUG] [FML]: Found certificate b9f30a813bee3b9dd5652c460310cfcd54f6b7ec
[18:10:42] [main/DEBUG] [FML]: Enqueued coremod llibrary
[18:10:42] [main/DEBUG] [FML]: Examining for coremod candidacy llibrary-1.7.20-1.12.2.jar
[18:10:42] [main/DEBUG] [FML]: Not found coremod data in llibrary-1.7.20-1.12.2.jar
[18:10:42] [main/DEBUG] [FML]: Examining for coremod candidacy ImmersiveEngineering-core-0.12-98.jar
[18:10:42] [main/TRACE] [FML]: Adding ImmersiveEngineering-core-0.12-98.jar to the list of known coremods, it will not be examined again
[18:10:42] [main/DEBUG] [FML]: Instantiating coremod class IELoadingPlugin
[18:10:42] [main/WARN] [FML]: The coremod blusunrize.immersiveengineering.common.asm.IELoadingPlugin does not have a MCVersion annotation, it may cause issues with this version of Minecraft
[18:10:42] [main/WARN] [FML]: The coremod IELoadingPlugin (blusunrize.immersiveengineering.common.asm.IELoadingPlugin) is not signed!
[18:10:42] [main/DEBUG] [FML]: Enqueued coremod IELoadingPlugin
[18:10:42] [main/DEBUG] [FML]: Examining for coremod candidacy ImmersiveEngineering-0.12-98.jar
[18:10:42] [main/DEBUG] [FML]: Not found coremod data in ImmersiveEngineering-0.12-98.jar
[18:10:42] [main/INFO] [LaunchWrapper]: Loading tweak class name net.minecraftforge.fml.common.launcher.FMLInjectionAndSortingTweaker
[18:10:42] [main/INFO] [LaunchWrapper]: Loading tweak class name org.spongepowered.asm.launch.MixinTweaker
[18:10:42] [main/DEBUG] [mixin]: Mixin bootstrap service org.spongepowered.asm.service.modlauncher.MixinServiceModLauncherBootstrap is not available: ModLauncher is not available
[18:10:42] [main/DEBUG] [mixin]: MixinService [LaunchWrapper] was successfully booted in sun.misc.Launcher$AppClassLoader@232204a1
[18:10:42] [main/INFO] [mixin]: SpongePowered MIXIN Subsystem Version=0.8.3 Source=file:/home/lyrix/GitHub/magicmc/server/./mods/%5B1.12.2%5D%20SecurityCraft%20v1.9.12.jar Service=LaunchWrapper Env=SERVER
[18:10:42] [main/DEBUG] [mixin]: Error cleaning class output directory: .mixin.out
[18:10:42] [main/DEBUG] [mixin]: Adding new mixin transformer proxy #1
[18:10:42] [main/DEBUG] [mixin]: Initialising Mixin Platform Manager
[18:10:42] [main/DEBUG] [mixin]: Adding mixin platform agents for container ContainerHandleURI(file:/home/lyrix/GitHub/magicmc/server/./mods/%5B1.12.2%5D%20SecurityCraft%20v1.9.12.jar)
[18:10:42] [main/DEBUG] [mixin]: Instancing new MixinPlatformAgentFMLLegacy for ContainerHandleURI(file:/home/lyrix/GitHub/magicmc/server/./mods/%5B1.12.2%5D%20SecurityCraft%20v1.9.12.jar)
[18:10:42] [main/DEBUG] [mixin]: ForceLoadAsMod was specified for [1.12.2] SecurityCraft v1.9.12.jar, attempting force-load
[18:10:42] [main/DEBUG] [mixin]: Adding [1.12.2] SecurityCraft v1.9.12.jar to reparseable coremod collection
[18:10:42] [main/DEBUG] [mixin]: [1.12.2] SecurityCraft v1.9.12.jar has core plugin net.geforcemods.securitycraft.SecurityCraftLoadingPlugin. Injecting it into FML for co-initialisation:
[18:10:42] [main/DEBUG] [FML]: Instantiating coremod class SecurityCraftLoadingPlugin
[18:10:42] [main/DEBUG] [FML]: The coremod net.geforcemods.securitycraft.SecurityCraftLoadingPlugin requested minecraft version 1.12.2 and minecraft is 1.12.2. It will be loaded.
[18:10:42] [main/WARN] [FML]: The coremod SecurityCraftLoadingPlugin (net.geforcemods.securitycraft.SecurityCraftLoadingPlugin) is not signed!
[18:10:42] [main/INFO] [mixin]: Compatibility level set to JAVA_8
[18:10:42] [main/DEBUG] [FML]: Enqueued coremod SecurityCraftLoadingPlugin
[18:10:42] [main/DEBUG] [mixin]: MixinPlatformAgentFMLLegacy accepted container ContainerHandleURI(file:/home/lyrix/GitHub/magicmc/server/./mods/%5B1.12.2%5D%20SecurityCraft%20v1.9.12.jar)
[18:10:42] [main/DEBUG] [mixin]: Instancing new MixinPlatformAgentLiteLoaderLegacy for ContainerHandleURI(file:/home/lyrix/GitHub/magicmc/server/./mods/%5B1.12.2%5D%20SecurityCraft%20v1.9.12.jar)
[18:10:42] [main/DEBUG] [mixin]: MixinPlatformAgentLiteLoaderLegacy rejected container ContainerHandleURI(file:/home/lyrix/GitHub/magicmc/server/./mods/%5B1.12.2%5D%20SecurityCraft%20v1.9.12.jar)
[18:10:42] [main/DEBUG] [mixin]: Instancing new MixinPlatformAgentDefault for ContainerHandleURI(file:/home/lyrix/GitHub/magicmc/server/./mods/%5B1.12.2%5D%20SecurityCraft%20v1.9.12.jar)
[18:10:42] [main/DEBUG] [mixin]: MixinPlatformAgentDefault accepted container ContainerHandleURI(file:/home/lyrix/GitHub/magicmc/server/./mods/%5B1.12.2%5D%20SecurityCraft%20v1.9.12.jar)
[18:10:42] [main/DEBUG] [mixin]: Scanning file:/home/lyrix/GitHub/magicmc/server/forge-1.12.2-14.23.5.2860.jar for mixin tweaker
[18:10:42] [main/DEBUG] [mixin]: Scanning file:/home/lyrix/GitHub/magicmc/server/./mods/%5B1.12.2%5D%20SecurityCraft%20v1.9.12.jar for mixin tweaker
[18:10:42] [main/DEBUG] [mixin]: Scanning file:/home/lyrix/GitHub/magicmc/server/./mods/foamfix-0.10.15-1.12.2.jar for mixin tweaker
[18:10:42] [main/DEBUG] [mixin]: Scanning file:/home/lyrix/GitHub/magicmc/server/./mods/MicdoodleCore-1.12.2-4.0.2.280.jar for mixin tweaker
[18:10:42] [main/DEBUG] [mixin]: Scanning file:/home/lyrix/GitHub/magicmc/server/./mods/OpenComputers-MC1.12.2-1.8.7+2502094.jar for mixin tweaker
[18:10:42] [main/DEBUG] [mixin]: Scanning file:/home/lyrix/GitHub/magicmc/server/./mods/techguns-1.12.2-2.0.2.0_pre3.2.jar for mixin tweaker
[18:10:42] [main/DEBUG] [mixin]: Scanning file:/home/lyrix/GitHub/magicmc/server/./mods/wings-1.1.6-1.12.2.jar for mixin tweaker
[18:10:42] [main/DEBUG] [mixin]: Scanning file:/home/lyrix/GitHub/magicmc/server/./mods/memory_repo/net/ilexiconn/llibrary-core/1.0.11-1.12.2/llibrary-core-1.0.11-1.12.2.jar for mixin tweaker
[18:10:42] [main/DEBUG] [mixin]: Scanning file:/home/lyrix/GitHub/magicmc/server/./mods/memory_repo/blusunrize/ImmersiveEngineering-core/0.12-98/ImmersiveEngineering-core-0.12-98.jar for mixin tweaker
[18:10:42] [main/DEBUG] [mixin]: Adding agents for Mixin Container ContainerHandleURI(file:/home/lyrix/GitHub/magicmc/server/./mods/%5B1.12.2%5D%20SecurityCraft%20v1.9.12.jar)
[18:10:42] [main/INFO] [LaunchWrapper]: Loading tweak class name net.minecraftforge.fml.common.launcher.FMLDeobfTweaker
[18:10:42] [main/INFO] [LaunchWrapper]: Calling tweak class net.minecraftforge.fml.common.launcher.FMLInjectionAndSortingTweaker
[18:10:42] [main/INFO] [LaunchWrapper]: Calling tweak class net.minecraftforge.fml.common.launcher.FMLInjectionAndSortingTweaker
[18:10:42] [main/INFO] [LaunchWrapper]: Calling tweak class net.minecraftforge.fml.relauncher.CoreModManager$FMLPluginWrapper
[18:10:42] [main/DEBUG] [FML]: Injecting coremod FMLCorePlugin \{net.minecraftforge.fml.relauncher.FMLCorePlugin\} class transformers
[18:10:42] [main/TRACE] [FML]: Registering transformer net.minecraftforge.fml.common.asm.transformers.SideTransformer
[18:10:42] [main/DEBUG] [mixin]: Preparing mixins for MixinEnvironment[PREINIT]
[18:10:42] [main/TRACE] [FML]: Registering transformer net.minecraftforge.fml.common.asm.transformers.EventSubscriptionTransformer
[18:10:42] [main/TRACE] [FML]: Registering transformer net.minecraftforge.fml.common.asm.transformers.EventSubscriberTransformer
[18:10:42] [main/TRACE] [FML]: Registering transformer net.minecraftforge.fml.common.asm.transformers.SoundEngineFixTransformer
[18:10:42] [main/DEBUG] [FML]: Injection complete
[18:10:42] [main/DEBUG] [FML]: Running coremod plugin for FMLCorePlugin \{net.minecraftforge.fml.relauncher.FMLCorePlugin\}
[18:10:42] [main/DEBUG] [FML]: Running coremod plugin FMLCorePlugin
