[18:10:42] [main/INFO] [LaunchWrapper]: Loading tweak class name net.minecraftforge.fml.common.launcher.FMLServerTweaker
[18:10:42] [main/INFO] [LaunchWrapper]: Using primary tweak class name net.minecraftforge.fml.common.launcher.FMLServerTweaker
[18:10:42] [main/INFO] [LaunchWrapper]: Calling tweak class net.minecraftforge.fml.common.launcher.FMLServerTweaker
[18:10:42] [main/INFO] [FML]: Forge Mod Loader version 14.23.5.2860 for Minecraft 1.12.2 loading
[18:10:42] [main/INFO] [FML]: Java is OpenJDK 64-Bit Server VM, version 1.8.0_442, running on Linux:amd64:6.12.10-arch1-1, installed at /usr/lib/jvm/java-8-openjdk/jre
[18:10:42] [main/INFO] [FML]: Searching /home/lyrix/GitHub/magicmc/server/./mods for mods
[18:10:42] [main/INFO] [FML]: Loading tweaker org.spongepowered.asm.launch.MixinTweaker from [1.12.2] SecurityCraft v1.9.12.jar
[18:10:42] [main/WARN] [FML]: Found FMLCorePluginContainsFMLMod marker in foamfix-0.10.15-1.12.2.jar. This is not recommended, @Mods should be in a separate jar from the coremod.
[18:10:42] [main/WARN] [FML]: The coremod pl.asie.foamfix.coremod.FoamFixCore does not have a MCVersion annotation, it may cause issues with this version of Minecraft
[18:10:42] [main/WARN] [FML]: The coremod Do not report to Forge! (If you haven't disabled the FoamFix coremod, try disabling it in the config! Note that this bit of text will still appear.) (pl.asie.foamfix.coremod.FoamFixCore) is not signed!
[18:10:42] [main/WARN] [FML]: The coremod micdoodle8.mods.miccore.MicdoodlePlugin does not have a MCVersion annotation, it may cause issues with this version of Minecraft
[18:10:42] [main/WARN] [FML]: The coremod MicdoodlePlugin (micdoodle8.mods.miccore.MicdoodlePlugin) is not signed!
[18:10:42] [main/WARN] [FML]: Found FMLCorePluginContainsFMLMod marker in OpenComputers-MC1.12.2-1.8.7+2502094.jar. This is not recommended, @Mods should be in a separate jar from the coremod.
[18:10:42] [main/WARN] [FML]: The coremod li.cil.oc.common.launch.TransformerLoader does not have a MCVersion annotation, it may cause issues with this version of Minecraft
[18:10:42] [main/WARN] [FML]: The coremod TransformerLoader (li.cil.oc.common.launch.TransformerLoader) is not signed!
[18:10:42] [main/WARN] [FML]: Found FMLCorePluginContainsFMLMod marker in techguns-1.12.2-2.0.2.0_pre3.2.jar. This is not recommended, @Mods should be in a separate jar from the coremod.
[18:10:42] [main/WARN] [FML]: The coremod Techguns Core (techguns.core.TechgunsFMLPlugin) is not signed!
[18:10:42] [main/WARN] [FML]: Found FMLCorePluginContainsFMLMod marker in wings-1.1.6-1.12.2.jar. This is not recommended, @Mods should be in a separate jar from the coremod.
[18:10:42] [main/WARN] [FML]: The coremod wings (me.paulf.wings.server.asm.plugin.WingsLoadingPlugin) is not signed!
[18:10:42] [main/WARN] [FML]: The coremod blusunrize.immersiveengineering.common.asm.IELoadingPlugin does not have a MCVersion annotation, it may cause issues with this version of Minecraft
[18:10:42] [main/WARN] [FML]: The coremod IELoadingPlugin (blusunrize.immersiveengineering.common.asm.IELoadingPlugin) is not signed!
[18:10:42] [main/INFO] [LaunchWrapper]: Loading tweak class name net.minecraftforge.fml.common.launcher.FMLInjectionAndSortingTweaker
[18:10:42] [main/INFO] [LaunchWrapper]: Loading tweak class name org.spongepowered.asm.launch.MixinTweaker
[18:10:42] [main/INFO] [mixin]: SpongePowered MIXIN Subsystem Version=0.8.3 Source=file:/home/lyrix/GitHub/magicmc/server/./mods/%5B1.12.2%5D%20SecurityCraft%20v1.9.12.jar Service=LaunchWrapper Env=SERVER
[18:10:42] [main/WARN] [FML]: The coremod SecurityCraftLoadingPlugin (net.geforcemods.securitycraft.SecurityCraftLoadingPlugin) is not signed!
[18:10:42] [main/INFO] [mixin]: Compatibility level set to JAVA_8
[18:10:42] [main/INFO] [LaunchWrapper]: Loading tweak class name net.minecraftforge.fml.common.launcher.FMLDeobfTweaker
[18:10:42] [main/INFO] [LaunchWrapper]: Calling tweak class net.minecraftforge.fml.common.launcher.FMLInjectionAndSortingTweaker
[18:10:42] [main/INFO] [LaunchWrapper]: Calling tweak class net.minecraftforge.fml.common.launcher.FMLInjectionAndSortingTweaker
[18:10:42] [main/INFO] [LaunchWrapper]: Calling tweak class net.minecraftforge.fml.relauncher.CoreModManager$FMLPluginWrapper
